2025-10-27 14:36:25, EXEC, v:1, k:poo@motoca, mode:FULL, rate:6, size:71
2025-10-27 15:49:25, EXEC, v:1, k:poo@motoca, mode:FULL, rate:6, size:85
2025-10-27 15:52:03, EXEC, v:1, k:poo@motoca, mode:FULL, rate:6, size:84
2025-10-27 15:54:45, EXEC, v:1, k:poo@motoca, mode:FULL, rate:6, size:87
2025-10-27 16:13:02, EXEC, v:1, k:poo@motoca, mode:FULL, rate:0, size:89
2025-10-27 16:13:46, EXEC, v:1, k:poo@motoca, mode:FULL, rate:0, size:89
2025-10-27 16:14:09, EXEC, v:1, k:poo@motoca, mode:FULL, rate:0, size:89
2025-10-27 16:14:28, EXEC, v:1, k:poo@motoca, mode:FULL, rate:6, size:89
2025-10-27 16:15:19, EXEC, v:1, k:poo@motoca, mode:FREE
2025-10-27 16:18:04, EXEC, v:1, k:poo@motoca, mode:FULL, rate:0, size:89
2025-10-27 16:18:26, EXEC, v:1, k:poo@motoca, mode:FULL, rate:0, size:89
2025-10-27 16:18:52, EXEC, v:1, k:poo@motoca, mode:FULL, rate:6, size:89
2025-10-27 16:19:20, EXEC, v:1, k:poo@motoca, mode:FULL, rate:6, size:89
2025-10-27 16:21:16, EXEC, v:1, k:poo@motoca, mode:FULL, rate:6, size:89
2025-10-27 16:21:45, EXEC, v:1, k:poo@motoca, mode:FULL, rate:13, size:62
2025-10-27 16:22:30, EXEC, v:1, k:poo@motoca, mode:FULL, rate:20, size:62
2025-10-27 16:23:56, EXEC, v:1, k:poo@motoca, mode:FULL, rate:33, size:64
2025-10-27 16:26:37, EXEC, v:1, k:poo@motoca, mode:FULL, rate:40, size:68
2025-10-27 16:27:47, EXEC, v:1, k:poo@motoca, mode:FULL, rate:53, size:68
2025-10-27 16:29:47, EXEC, v:1, k:poo@motoca, mode:FULL, rate:53
2025-10-27 16:32:04, EXEC, v:1, k:poo@motoca, mode:FULL, rate:60, size:72
2025-10-27 16:38:41, EXEC, v:1, k:poo@motoca, mode:FULL, rate:60, size:91
2025-10-27 16:40:31, EXEC, v:1, k:poo@motoca, mode:FULL, rate:60, size:91
2025-10-27 16:47:25, EXEC, v:1, k:poo@motoca, mode:FULL, rate:66, size:94
2025-10-27 16:48:48, EXEC, v:1, k:poo@motoca, mode:FULL, rate:66, size:95
2025-10-27 16:52:17, EXEC, v:1, k:poo@motoca, mode:FULL, rate:0, size:91
2025-10-27 16:52:31, EXEC, v:1, k:poo@motoca, mode:FULL, rate:100, size:91
2025-10-27 16:52:40, MOVE, v:1, k:poo@motoca, mode:BACK
2025-10-27 16:55:22, SELF, v:1, k:poo@motoca, rate:100, iagen:gpt_para_corrigir_e_me_explicar_umas_coisa_tbm, alone:10, study:250
2025-10-27 16:56:58, MOVE, v:1, k:poo@motouber, mode:PICK
